<?xml version="1.0" encoding="UTF-8"?>
<testsuite name="Login Test"
           tests="2"
           failures="0"
           errors="0"
           skipped="0"
           time="84.141">
  <properties />
  
  
            <testcase name="verifyProductArrangeInAlphabeticalOrder" time="8.291" classname="com.nopcommerce.demo.testsuite.ComputerTest" />
                <testcase name="verifyProductAddedToShoppingCartSuccessFully" time="75.850" classname="com.nopcommerce.demo.testsuite.ComputerTest" />
      
</testsuite>
